{"/Users/d069408/ChristianKienle/k-pop/src/Pop/Pop.vue": {"path":"/Users/d069408/ChristianKienle/k-pop/src/Pop/Pop.vue","statementMap":{"0":{"start":{"line":28,"column":0},"end":{"line":null,"column":-1}},"1":{"start":{"line":41,"column":0},"end":{"line":null,"column":-1}},"2":{"start":{"line":42,"column":0},"end":{"line":null,"column":-1}},"3":{"start":{"line":43,"column":0},"end":{"line":null,"column":-1}},"4":{"start":{"line":29,"column":0},"end":{"line":null,"column":-1}},"5":{"start":{"line":30,"column":0},"end":{"line":null,"column":-1}},"6":{"start":{"line":32,"column":0},"end":{"line":null,"column":-1}},"7":{"start":{"line":35,"column":0},"end":{"line":null,"column":-1}},"8":{"start":{"line":37,"column":0},"end":{"line":null,"column":-1}},"9":{"start":{"line":44,"column":0},"end":{"line":null,"column":-1}},"10":{"start":{"line":63,"column":0},"end":{"line":null,"column":-1}},"11":{"start":{"line":68,"column":0},"end":{"line":null,"column":-1}},"12":{"start":{"line":78,"column":0},"end":{"line":null,"column":-1}},"13":{"start":{"line":85,"column":0},"end":{"line":null,"column":-1}},"14":{"start":{"line":88,"column":0},"end":{"line":null,"column":-1}},"15":{"start":{"line":89,"column":0},"end":{"line":null,"column":-1}},"16":{"start":{"line":97,"column":0},"end":{"line":null,"column":-1}},"17":{"start":{"line":98,"column":0},"end":{"line":null,"column":-1}},"18":{"start":{"line":105,"column":0},"end":{"line":null,"column":-1}},"19":{"start":{"line":129,"column":0},"end":{"line":null,"column":-1}},"20":{"start":{"line":133,"column":0},"end":{"line":null,"column":-1}},"21":{"start":{"line":137,"column":0},"end":{"line":null,"column":-1}},"22":{"start":{"line":138,"column":0},"end":{"line":140,"column":0}},"23":{"start":{"line":139,"column":0},"end":{"line":null,"column":-1}},"24":{"start":{"line":143,"column":0},"end":{"line":null,"column":-1}},"25":{"start":{"line":144,"column":0},"end":{"line":null,"column":-1}},"26":{"start":{"line":145,"column":0},"end":{"line":147,"column":0}},"27":{"start":{"line":146,"column":0},"end":{"line":null,"column":-1}},"28":{"start":{"line":152,"column":0},"end":{"line":null,"column":-1}},"29":{"start":{"line":155,"column":0},"end":{"line":157,"column":0}},"30":{"start":{"line":156,"column":0},"end":{"line":null,"column":-1}},"31":{"start":{"line":158,"column":0},"end":{"line":null,"column":-1}},"32":{"start":{"line":159,"column":0},"end":{"line":null,"column":-1}},"33":{"start":{"line":162,"column":0},"end":{"line":null,"column":-1}},"34":{"start":{"line":163,"column":0},"end":{"line":null,"column":-1}},"35":{"start":{"line":164,"column":0},"end":{"line":null,"column":-1}},"36":{"start":{"line":165,"column":0},"end":{"line":null,"column":-1}},"37":{"start":{"line":171,"column":0},"end":{"line":null,"column":-1}},"38":{"start":{"line":174,"column":0},"end":{"line":176,"column":0}},"39":{"start":{"line":175,"column":0},"end":{"line":null,"column":-1}},"40":{"start":{"line":179,"column":0},"end":{"line":null,"column":-1}},"41":{"start":{"line":180,"column":0},"end":{"line":null,"column":-1}},"42":{"start":{"line":181,"column":0},"end":{"line":null,"column":-1}},"43":{"start":{"line":184,"column":0},"end":{"line":null,"column":-1}},"44":{"start":{"line":187,"column":0},"end":{"line":194,"column":0}},"45":{"start":{"line":188,"column":0},"end":{"line":null,"column":-1}},"46":{"start":{"line":189,"column":0},"end":{"line":null,"column":-1}},"47":{"start":{"line":190,"column":0},"end":{"line":null,"column":-1}},"48":{"start":{"line":191,"column":0},"end":{"line":193,"column":0}},"49":{"start":{"line":192,"column":0},"end":{"line":null,"column":-1}},"50":{"start":{"line":195,"column":0},"end":{"line":null,"column":-1}},"51":{"start":{"line":198,"column":0},"end":{"line":null,"column":-1}},"52":{"start":{"line":201,"column":0},"end":{"line":null,"column":-1}},"53":{"start":{"line":202,"column":0},"end":{"line":null,"column":-1}}},"fnMap":{"0":{"name":"(anonymous_1)","decl":{"start":{"line":29,"column":0},"end":{"line":null,"column":-1}},"loc":{"start":{"line":29,"column":0},"end":{"line":null,"column":-1}}},"1":{"name":"(anonymous_2)","decl":{"start":{"line":59,"column":0},"end":{"line":null,"column":-1}},"loc":{"start":{"line":59,"column":0},"end":{"line":null,"column":-1}}},"2":{"name":"(anonymous_3)","decl":{"start":{"line":63,"column":0},"end":{"line":null,"column":-1}},"loc":{"start":{"line":63,"column":0},"end":{"line":null,"column":-1}}}},"branchMap":{"0":{"loc":{"start":{"line":85,"column":0},"end":{"line":null,"column":-1}},"type":"binary-expr","locations":[{"start":{"line":85,"column":0},"end":{"line":null,"column":-1}},{"start":{"line":85,"column":0},"end":{"line":null,"column":-1}}]},"1":{"loc":{"start":{"line":89,"column":0},"end":{"line":null,"column":-1}},"type":"cond-expr","locations":[{"start":{"line":89,"column":0},"end":{"line":null,"column":-1}},{"start":{"line":89,"column":0},"end":{"line":null,"column":-1}}]},"2":{"loc":{"start":{"line":98,"column":0},"end":{"line":null,"column":-1}},"type":"cond-expr","locations":[{"start":{"line":98,"column":0},"end":{"line":null,"column":-1}},{"start":{"line":98,"column":0},"end":{"line":null,"column":-1}}]},"3":{"loc":{"start":{"line":111,"column":0},"end":{"line":null,"column":-1}},"type":"cond-expr","locations":[{"start":{"line":111,"column":0},"end":{"line":null,"column":-1}},{"start":{"line":111,"column":0},"end":{"line":null,"column":-1}}]},"4":{"loc":{"start":{"line":138,"column":0},"end":{"line":140,"column":0}},"type":"if","locations":[{"start":{"line":138,"column":0},"end":{"line":140,"column":0}},{"start":{"line":138,"column":0},"end":{"line":140,"column":0}}]},"5":{"loc":{"start":{"line":145,"column":0},"end":{"line":147,"column":0}},"type":"if","locations":[{"start":{"line":145,"column":0},"end":{"line":147,"column":0}},{"start":{"line":145,"column":0},"end":{"line":147,"column":0}}]},"6":{"loc":{"start":{"line":155,"column":0},"end":{"line":157,"column":0}},"type":"if","locations":[{"start":{"line":155,"column":0},"end":{"line":157,"column":0}},{"start":{"line":155,"column":0},"end":{"line":157,"column":0}}]},"7":{"loc":{"start":{"line":163,"column":0},"end":{"line":null,"column":-1}},"type":"binary-expr","locations":[{"start":{"line":163,"column":0},"end":{"line":null,"column":-1}},{"start":{"line":163,"column":0},"end":{"line":null,"column":-1}}]},"8":{"loc":{"start":{"line":174,"column":0},"end":{"line":176,"column":0}},"type":"if","locations":[{"start":{"line":174,"column":0},"end":{"line":176,"column":0}},{"start":{"line":174,"column":0},"end":{"line":176,"column":0}}]},"9":{"loc":{"start":{"line":187,"column":0},"end":{"line":194,"column":0}},"type":"if","locations":[{"start":{"line":187,"column":0},"end":{"line":194,"column":0}},{"start":{"line":187,"column":0},"end":{"line":194,"column":0}}]},"10":{"loc":{"start":{"line":191,"column":0},"end":{"line":193,"column":0}},"type":"if","locations":[{"start":{"line":191,"column":0},"end":{"line":193,"column":0}},{"start":{"line":191,"column":0},"end":{"line":193,"column":0}}]}},"s":{"0":0,"1":0,"2":0,"3":0,"4":0,"5":0,"6":0,"7":0,"8":0,"9":0,"10":0,"11":0,"12":0,"13":0,"14":0,"15":0,"16":0,"17":0,"18":0,"19":0,"20":0,"21":0,"22":0,"23":0,"24":0,"25":0,"26":0,"27":0,"28":0,"29":0,"30":0,"31":0,"32":0,"33":0,"34":0,"35":0,"36":0,"37":0,"38":0,"39":0,"40":0,"41":0,"42":0,"43":0,"44":0,"45":0,"46":0,"47":0,"48":0,"49":0,"50":0,"51":0,"52":0,"53":0},"f":{"0":0,"1":0,"2":0},"b":{"0":[0,0],"1":[0,0],"2":[0,0],"3":[0,0],"4":[0,0],"5":[0,0],"6":[0,0],"7":[0,0],"8":[0,0],"9":[0,0],"10":[0,0]}}
,"/Users/d069408/ChristianKienle/k-pop/src/Pop/helper/classes.js": {"path":"/Users/d069408/ChristianKienle/k-pop/src/Pop/helper/classes.js","statementMap":{"0":{"start":{"line":7,"column":23},"end":{"line":7,"column":71}},"1":{"start":{"line":7,"column":30},"end":{"line":7,"column":71}},"2":{"start":{"line":15,"column":17},"end":{"line":23,"column":1}},"3":{"start":{"line":17,"column":22},"end":{"line":17,"column":52}},"4":{"start":{"line":18,"column":2},"end":{"line":20,"column":3}},"5":{"start":{"line":19,"column":4},"end":{"line":19,"column":15}},"6":{"start":{"line":22,"column":2},"end":{"line":22,"column":20}}},"fnMap":{"0":{"name":"(anonymous_0)","decl":{"start":{"line":7,"column":23},"end":{"line":7,"column":24}},"loc":{"start":{"line":7,"column":30},"end":{"line":7,"column":71}},"line":7},"1":{"name":"(anonymous_1)","decl":{"start":{"line":15,"column":17},"end":{"line":15,"column":18}},"loc":{"start":{"line":15,"column":28},"end":{"line":23,"column":1}},"line":15}},"branchMap":{"0":{"loc":{"start":{"line":7,"column":30},"end":{"line":7,"column":71}},"type":"binary-expr","locations":[{"start":{"line":7,"column":30},"end":{"line":7,"column":53}},{"start":{"line":7,"column":57},"end":{"line":7,"column":71}}],"line":7},"1":{"loc":{"start":{"line":18,"column":2},"end":{"line":20,"column":3}},"type":"if","locations":[{"start":{"line":18,"column":2},"end":{"line":20,"column":3}},{"start":{"line":18,"column":2},"end":{"line":20,"column":3}}],"line":18}},"s":{"0":1,"1":31,"2":1,"3":12,"4":12,"5":8,"6":4},"f":{"0":31,"1":12},"b":{"0":[31,13],"1":[8,4]},"_coverageSchema":"332fd63041d2c1bcb487cc26dd0d5f7d97098a6c","hash":"9c144f689ef495ba13e791ac440480b4e4a7bb2d"}
}
